/*C12*/SET SCHEMA PUBLIC
SET SCHEMA "PUBLIC"
INSERT INTO EVENTS VALUES('73bc3440-61f5-432d-986d-dadbbef4ab52','Teste 002','detalhes do evento 001','teste002',2)
COMMIT
INSERT INTO ATTENDEES VALUES('51f7df08-d32e-4ad3-bef9-6ad1fce7326a','joao gabriel','teste@gmail.com','73bc3440-61f5-432d-986d-dadbbef4ab52','2024-04-04 21:05:07.419276')
COMMIT
DISCONNECT
/*C13*/SET SCHEMA PUBLIC
DISCONNECT
/*C14*/SET SCHEMA PUBLIC
DISCONNECT
/*C15*/SET SCHEMA PUBLIC
DISCONNECT
/*C16*/SET SCHEMA PUBLIC
DISCONNECT
/*C17*/SET SCHEMA PUBLIC
DISCONNECT
/*C18*/SET SCHEMA PUBLIC
DISCONNECT
/*C19*/SET SCHEMA PUBLIC
DISCONNECT
/*C20*/SET SCHEMA PUBLIC
DISCONNECT
/*C21*/SET SCHEMA PUBLIC
DISCONNECT
